Build started 05-09-2017 21:53:52.
     1>Project "C:\Users\LAP\MissionRnDProjects\functionpointer\src\src.vcxproj" on node 2 (Build target(s)).
     1>ClCompile:
         C:\Program Files (x86)\Microsoft Visual Studio 12.0\VC\bin\CL.exe /c /ZI /nologo /W3 /WX- /sdl /Od /Oy- /D WIN32 /D _DEBUG /D _CONSOLE /D _LIB /D _UNICODE /D UNICODE /Gm /EHsc /RTC1 /MDd /GS /fp:precise /Zc:wchar_t /Zc:forScope /Yc"stdafx.h" /Fp"Debug\src.pch" /Fo"Debug\\" /Fd"Debug\vc120.pdb" /Gd /TP /analyze- /errorReport:prompt stdafx.cpp
         stdafx.cpp
         C:\Program Files (x86)\Microsoft Visual Studio 12.0\VC\bin\CL.exe /c /ZI /nologo /W3 /WX- /sdl /Od /Oy- /D WIN32 /D _DEBUG /D _CONSOLE /D _LIB /D _UNICODE /D UNICODE /Gm /EHsc /RTC1 /MDd /GS /fp:precise /Zc:wchar_t /Zc:forScope /Fo"Debug\\" /Fd"Debug\vc120.pdb" /Gd /TP /analyze- /errorReport:prompt Basics.cpp MainFunctionPointers.cpp VoidPointers.cpp MaxEqualSubArray.cpp CombineCommonElements.cpp
         CombineCommonElements.cpp
         MaxEqualSubArray.cpp
         VoidPointers.cpp
     1>c:\users\lap\missionrndprojects\functionpointer\src\voidpointers.cpp(58): warning C4305: 'initializing' : truncation from 'double' to 'float'
     1>c:\users\lap\missionrndprojects\functionpointer\src\voidpointers.cpp(81): warning C4305: '=' : truncation from 'double' to 'float'
         MainFunctionPointers.cpp
         Basics.cpp
         Generating Code...
       Link:
         C:\Program Files (x86)\Microsoft Visual Studio 12.0\VC\bin\link.exe /ERRORREPORT:PROMPT /OUT:"C:\Users\LAP\MissionRnDProjects\functionpointer\Debug\src.exe" /INCREMENTAL /NOLOGO kernel32.lib user32.lib gdi32.lib winspool.lib comdlg32.lib advapi32.lib shell32.lib ole32.lib oleaut32.lib uuid.lib odbc32.lib odbccp32.lib /MANIFEST /MANIFESTUAC:"level='asInvoker' uiAccess='false'" /manifest:embed /DEBUG /PDB:"C:\Users\LAP\MissionRnDProjects\functionpointer\Debug\src.pdb" /SUBSYSTEM:CONSOLE /TLBID:1 /DYNAMICBASE /NXCOMPAT /IMPLIB:"C:\Users\LAP\MissionRnDProjects\functionpointer\Debug\src.lib" /MACHINE:X86 Debug\Basics.obj
         Debug\MainFunctionPointers.obj
         Debug\VoidPointers.obj
         Debug\MaxEqualSubArray.obj
         Debug\CombineCommonElements.obj
         Debug\stdafx.obj
         src.vcxproj -> C:\Users\LAP\MissionRnDProjects\functionpointer\Debug\src.exe
     1>Done Building Project "C:\Users\LAP\MissionRnDProjects\functionpointer\src\src.vcxproj" (Build target(s)).

Build succeeded.

Time Elapsed 00:00:02.60
