Build started 03-08-2017 15:24:35.
     1>Project "C:\Users\LAP\MissionRnDProjects\linkedlist2\src\src.vcxproj" on node 2 (Build target(s)).
     1>ClCompile:
         C:\Program Files (x86)\Microsoft Visual Studio 12.0\VC\bin\CL.exe /c /ZI /nologo /W3 /WX- /Od /Oy- /D WIN32 /D _DEBUG /D _CONSOLE /D _LIB /D _UNICODE /D UNICODE /Gm /EHsc /RTC1 /MDd /GS /fp:precise /Zc:wchar_t /Zc:forScope /Fo"Debug\\" /Fd"Debug\vc120.pdb" /Gd /TP /analyze- /errorReport:prompt merge2LinkedLists.cpp
         merge2LinkedLists.cpp
     1>c:\users\lap\missionrndprojects\linkedlist2\src\merge2linkedlists.cpp(22): warning C4101: 'n' : unreferenced local variable
       Link:
         C:\Program Files (x86)\Microsoft Visual Studio 12.0\VC\bin\link.exe /ERRORREPORT:PROMPT /OUT:"C:\Users\LAP\MissionRnDProjects\linkedlist2\Debug\src.exe" /INCREMENTAL /NOLOGO kernel32.lib user32.lib gdi32.lib winspool.lib comdlg32.lib advapi32.lib shell32.lib ole32.lib oleaut32.lib uuid.lib odbc32.lib odbccp32.lib /MANIFEST /MANIFESTUAC:"level='asInvoker' uiAccess='false'" /manifest:embed /DEBUG /PDB:"C:\Users\LAP\MissionRnDProjects\linkedlist2\Debug\src.pdb" /SUBSYSTEM:CONSOLE /TLBID:1 /DYNAMICBASE /NXCOMPAT /IMPLIB:"C:\Users\LAP\MissionRnDProjects\linkedlist2\Debug\src.lib" /MACHINE:X86 Debug\BetweenDays.obj
         Debug\CircularListsMerge.obj
         Debug\DoorsToCross.obj
         Debug\insertAtEveryKthNode.obj
         Debug\linkedListMedian.obj
         Debug\MainLinkedLists2.obj
         Debug\merge2LinkedLists.obj
         Debug\OddEven.obj
         Debug\PairUp.obj
         Debug\reverseLinkedList.obj
         src.vcxproj -> C:\Users\LAP\MissionRnDProjects\linkedlist2\Debug\src.exe
     1>Done Building Project "C:\Users\LAP\MissionRnDProjects\linkedlist2\src\src.vcxproj" (Build target(s)).

Build succeeded.

Time Elapsed 00:00:02.39
